
               ######                ######
             ###     ####        ####     ###
            ##          ###    ###          ##
            ##             ####             ##
            ##             ####             ##
            ##           ##    ##           ##
            ##         ###      ###         ##
             ##  ########################  ##
          ######    ###            ###    ######
      ###     ##    ##              ##    ##     ###
   ###         ## ###      ####      ### ##         ###
  ##           ####      ########      ####           ##
 ##             ###     ##########     ###             ##
  ##           ####      ########      ####           ##
   ###         ## ###      ####      ### ##         ###
      ###     ##    ##              ##    ##     ###
          ######    ###            ###    ######
             ##  ########################  ##
            ##         ###      ###         ##
            ##           ##    ##           ##
            ##             ####             ##
            ##             ####             ##
            ##          ###    ###          ##
             ###     ####        ####     ###
               ######                ######


              Welcome to React Native 0.82.1!
                 Learn once, write anywhere

- Downloading template
✔ Downloading template
- Copying template
✔ Copying template
- Processing template
✔ Processing template
- Installing dependencies
✔ Installing dependencies


  Run instructions for Android:
    • Have an Android emulator running (quickest way to get started), or a device connected.
    • cd "/app/LeFauxPassRN" && npx react-native run-android
